<?xml version="1.0" encoding="UTF-8"?>
<!-- Generated by org.testng.reporters.JUnitReportReporter -->
<testsuite hostname="HARI" failures="0" tests="1" name="ExtentReports.AmazonSSExtentreport" time="34.201" errors="0" timestamp="2024-11-07T22:51:25 IST" skipped="0">
  <testcase classname="ExtentReports.AmazonSSExtentreport" name="amazon" time="34.201"/>
  <system-out/>
</testsuite> <!-- ExtentReports.AmazonSSExtentreport -->
