<?xml version="1.0" encoding="UTF-8"?>
<!-- Generated by org.testng.reporters.JUnitReportReporter -->
<testsuite hostname="HARI" failures="0" tests="1" name="ExtentReports.ToLearnExtentReport" time="6.385" errors="0" timestamp="2024-11-07T09:37:37 IST" skipped="0">
  <testcase classname="ExtentReports.ToLearnExtentReport" name="report" time="6.385"/>
  <system-out/>
</testsuite> <!-- ExtentReports.ToLearnExtentReport -->
