<?xml version="1.0" encoding="UTF-8"?>
<!-- Generated by org.testng.reporters.JUnitReportReporter -->
<testsuite hostname="HARI" failures="0" tests="1" name="Scripts.SampleTest" time="0.106" errors="0" timestamp="2024-11-06T13:35:46 IST" skipped="0">
  <testcase classname="Scripts.SampleTest" name="Sample" time="0.106"/>
  <system-out>
    <![CDATA[Scripts Running Sucessfully]]>
  </system-out>
</testsuite> <!-- Scripts.SampleTest -->
