<?xml version="1.0" encoding="UTF-8"?>
<!-- Generated by org.testng.reporters.JUnitReportReporter -->
<testsuite hostname="HARI" failures="0" tests="1" name="ExtentReports.AttachScrrenShotReport" time="246.374" errors="0" timestamp="2024-11-07T22:22:48 IST" skipped="0">
  <testcase classname="ExtentReports.AttachScrrenShotReport" name="screenShot" time="246.374"/>
  <system-out/>
</testsuite> <!-- ExtentReports.AttachScrrenShotReport -->
